\BOOKMARK [0][-]{section*.2}{\376\377\000L\000i\000s\000t\000\040\000o\000f\000\040\000F\000i\000g\000u\000r\000e\000s}{}% 1
\BOOKMARK [0][-]{section*.3}{\376\377\000L\000i\000s\000t\000\040\000o\000f\000\040\000T\000a\000b\000l\000e\000s}{}% 2
\BOOKMARK [0][-]{chapter*.4}{\376\377\000L\000i\000s\000t\000\040\000o\000f\000\040\000A\000b\000b\000r\000e\000v\000i\000a\000t\000i\000o\000n\000s}{}% 3
\BOOKMARK [0][-]{chapter.1}{\376\377\000I\000n\000t\000r\000o\000d\000u\000c\000t\000i\000o\000n}{}% 4
\BOOKMARK [1][-]{section.1.1}{\376\377\000M\000o\000t\000i\000v\000a\000t\000i\000o\000n}{chapter.1}% 5
\BOOKMARK [1][-]{section.1.2}{\376\377\000P\000r\000e\000l\000i\000m\000i\000n\000a\000r\000y\000\040\000O\000v\000e\000r\000v\000i\000e\000w}{chapter.1}% 6
\BOOKMARK [2][-]{subsection.1.2.1}{\376\377\000P\000y\000t\000h\000o\000n\000\040\000\046\000\040\000C\000P\000y\000t\000h\000o\000n}{section.1.2}% 7
\BOOKMARK [2][-]{subsection.1.2.2}{\376\377\000P\000r\000o\000g\000r\000a\000m\000\040\000A\000n\000a\000l\000y\000s\000i\000s}{section.1.2}% 8
\BOOKMARK [1][-]{section.1.3}{\376\377\000P\000r\000o\000p\000o\000s\000e\000d\000\040\000S\000o\000l\000u\000t\000i\000o\000n}{chapter.1}% 9
\BOOKMARK [2][-]{subsection.1.3.1}{\376\377\000A\000i\000m\000s\000\040\000\046\000\040\000O\000b\000j\000e\000c\000t\000i\000v\000e\000s}{section.1.3}% 10
\BOOKMARK [1][-]{section.1.4}{\376\377\000D\000o\000c\000u\000m\000e\000n\000t\000\040\000S\000t\000r\000u\000c\000t\000u\000r\000e}{chapter.1}% 11
\BOOKMARK [1][-]{section.1.5}{\376\377\000C\000o\000n\000t\000r\000i\000b\000u\000t\000i\000o\000n\000s}{chapter.1}% 12
\BOOKMARK [0][-]{chapter.2}{\376\377\000B\000a\000c\000k\000g\000r\000o\000u\000n\000d\000\040\000\046\000\040\000L\000i\000t\000e\000r\000a\000t\000u\000r\000e\000\040\000O\000v\000e\000r\000v\000i\000e\000w}{}% 13
\BOOKMARK [1][-]{section.2.1}{\376\377\000P\000y\000t\000h\000o\000n}{chapter.2}% 14
\BOOKMARK [2][-]{subsection.2.1.1}{\376\377\000H\000i\000s\000t\000o\000r\000y}{section.2.1}% 15
\BOOKMARK [2][-]{subsection.2.1.2}{\376\377\000F\000e\000a\000t\000u\000r\000e\000s\000\040\000\046\000\040\000P\000h\000i\000l\000o\000s\000o\000p\000h\000y}{section.2.1}% 16
\BOOKMARK [2][-]{subsection.2.1.3}{\376\377\000I\000m\000p\000l\000e\000m\000e\000n\000t\000a\000t\000i\000o\000n\000s}{section.2.1}% 17
\BOOKMARK [1][-]{section.2.2}{\376\377\000C\000P\000y\000t\000h\000o\000n}{chapter.2}% 18
\BOOKMARK [2][-]{subsection.2.2.1}{\376\377\000O\000v\000e\000r\000v\000i\000e\000w}{section.2.2}% 19
\BOOKMARK [2][-]{subsection.2.2.2}{\376\377\000S\000t\000a\000c\000k\000s}{section.2.2}% 20
\BOOKMARK [2][-]{subsection.2.2.3}{\376\377\000F\000r\000a\000m\000e\000s}{section.2.2}% 21
\BOOKMARK [2][-]{subsection.2.2.4}{\376\377\000C\000o\000d\000e\000\040\000O\000b\000j\000e\000c\000t\000s}{section.2.2}% 22
\BOOKMARK [2][-]{subsection.2.2.5}{\376\377\000E\000x\000e\000c\000u\000t\000i\000o\000n\000\040\000o\000f\000\040\000C\000o\000d\000e\000\040\000O\000b\000j\000e\000c\000t\000s}{section.2.2}% 23
\BOOKMARK [2][-]{subsection.2.2.6}{\376\377\000E\000x\000e\000c\000u\000t\000i\000o\000n\000\040\000o\000f\000\040\000F\000r\000a\000m\000e\000\040\000O\000b\000j\000e\000c\000t\000s}{section.2.2}% 24
\BOOKMARK [1][-]{section.2.3}{\376\377\000A\000n\000a\000l\000y\000s\000i\000s}{chapter.2}% 25
\BOOKMARK [2][-]{subsection.2.3.1}{\376\377\000C\000o\000n\000t\000r\000o\000l\000\040\000F\000l\000o\000w\000\040\000A\000n\000a\000l\000y\000s\000i\000s}{section.2.3}% 26
\BOOKMARK [2][-]{subsection.2.3.2}{\376\377\000D\000a\000t\000a\000f\000l\000o\000w\000\040\000A\000n\000a\000l\000y\000s\000i\000s}{section.2.3}% 27
\BOOKMARK [2][-]{subsection.2.3.3}{\376\377\000A\000b\000s\000t\000r\000a\000c\000t\000\040\000I\000n\000t\000e\000r\000p\000r\000e\000t\000a\000t\000i\000o\000n}{section.2.3}% 28
\BOOKMARK [2][-]{subsection.2.3.4}{\376\377\000T\000y\000p\000e\000\040\000a\000n\000d\000\040\000E\000f\000f\000e\000c\000t\000\040\000S\000y\000s\000t\000e\000m\000s}{section.2.3}% 29
\BOOKMARK [0][-]{chapter.3}{\376\377\000M\000e\000t\000h\000o\000d\000o\000l\000o\000g\000y}{}% 30
\BOOKMARK [1][-]{section.3.1}{\376\377\000I\000n\000i\000t\000i\000a\000l\000\040\000C\000h\000a\000l\000l\000e\000n\000g\000e\000s}{chapter.3}% 31
\BOOKMARK [1][-]{section.3.2}{\376\377\000A\000b\000s\000t\000r\000a\000c\000t\000\040\000D\000e\000s\000i\000g\000n}{chapter.3}% 32
\BOOKMARK [2][-]{subsection.3.2.1}{\376\377\000P\000h\000a\000s\000e\000\040\000O\000v\000e\000r\000v\000i\000e\000w}{section.3.2}% 33
\BOOKMARK [1][-]{section.3.3}{\376\377\000C\000o\000n\000c\000r\000e\000t\000e\000\040\000i\000m\000p\000l\000e\000m\000e\000n\000t\000a\000t\000i\000o\000n}{chapter.3}% 34
\BOOKMARK [2][-]{subsection.3.3.1}{\376\377\000S\000e\000t\000u\000p}{section.3.3}% 35
\BOOKMARK [2][-]{subsection.3.3.2}{\376\377\000A\000I\000L}{section.3.3}% 36
\BOOKMARK [2][-]{subsection.3.3.3}{\376\377\000B\000l\000o\000c\000k\000\040\000S\000u\000m\000m\000a\000r\000y}{section.3.3}% 37
\BOOKMARK [1][-]{section.3.4}{\376\377\000F\000a\000c\000t\000\040\000G\000e\000n\000e\000r\000a\000t\000i\000o\000n}{chapter.3}% 38
\BOOKMARK [1][-]{section.3.5}{\376\377\000C\000o\000n\000t\000r\000o\000l\000\040\000F\000l\000o\000w}{chapter.3}% 39
\BOOKMARK [1][-]{section.3.6}{\376\377\000I\000R\000\040\000G\000e\000n\000e\000r\000a\000t\000i\000o\000n}{chapter.3}% 40
\BOOKMARK [1][-]{section.3.7}{\376\377\000T\000e\000c\000h\000n\000i\000c\000a\000l\000\040\000I\000m\000p\000l\000e\000m\000e\000n\000t\000a\000t\000i\000o\000n}{chapter.3}% 41
\BOOKMARK [0][-]{chapter.4}{\376\377\000E\000v\000a\000l\000u\000a\000t\000i\000o\000n}{}% 42
\BOOKMARK [1][-]{section.4.1}{\376\377\000E\000x\000p\000e\000r\000i\000m\000e\000n\000t\000a\000l\000\040\000R\000e\000s\000u\000l\000t\000s}{chapter.4}% 43
\BOOKMARK [1][-]{section.4.2}{\376\377\000R\000e\000s\000e\000a\000r\000c\000h\000\040\000Q\000u\000e\000s\000t\000i\000o\000n\000s}{chapter.4}% 44
\BOOKMARK [2][-]{subsection.4.2.1}{\376\377\000H\000o\000w\000\040\000f\000u\000r\000t\000h\000e\000r\000\040\000a\000n\000a\000l\000y\000s\000e\000s\000\040\000i\000s\000\040\000f\000a\000c\000i\000l\000i\000t\000a\000t\000e\000d}{section.4.2}% 45
\BOOKMARK [2][-]{subsection.4.2.2}{\376\377\000C\000P\000y\000t\000h\000o\000n\000\040\000i\000n\000v\000a\000r\000i\000a\000n\000t\000s\000,\000\040\000a\000n\000d\000\040\000f\000i\000n\000d\000i\000n\000g\000s}{section.4.2}% 46
\BOOKMARK [2][-]{subsection.4.2.3}{\376\377\000S\000c\000a\000l\000a\000b\000i\000l\000i\000t\000y\000\040\000o\000f\000\040\000P\000A\000T\000H}{section.4.2}% 47
\BOOKMARK [1][-]{section.4.3}{\376\377\000F\000a\000c\000i\000l\000i\000t\000a\000t\000i\000n\000g\000\040\000f\000u\000r\000t\000h\000e\000r\000\040\000a\000n\000a\000l\000y\000s\000e\000s}{chapter.4}% 48
\BOOKMARK [2][-]{subsection.4.3.1}{\376\377\000R\000e\000l\000a\000t\000i\000n\000g\000\040\000P\000A\000T\000H\000\040\000w\000i\000t\000h\000\040\000c\000u\000r\000r\000e\000n\000t\000\040\000f\000r\000a\000m\000e\000w\000o\000r\000k\000s}{section.4.3}% 49
\BOOKMARK [1][-]{section.4.4}{\376\377\000I\000n\000s\000i\000g\000h\000t\000s}{chapter.4}% 50
\BOOKMARK [1][-]{section.4.5}{\376\377\000S\000c\000a\000l\000a\000b\000i\000l\000i\000t\000y\000\040\000E\000x\000p\000e\000r\000i\000m\000e\000n\000t\000s}{chapter.4}% 51
\BOOKMARK [1][-]{section.4.6}{\376\377\000C\000a\000s\000e\000\040\000S\000t\000u\000d\000y}{chapter.4}% 52
\BOOKMARK [0][-]{chapter.5}{\376\377\000C\000o\000n\000c\000l\000u\000s\000i\000o\000n}{}% 53
\BOOKMARK [0][-]{chapter.6}{\376\377\000C\000o\000n\000c\000l\000u\000s\000i\000o\000n\000s}{}% 54
\BOOKMARK [1][-]{section.6.1}{\376\377\000R\000e\000v\000i\000s\000i\000t\000i\000n\000g\000\040\000t\000h\000e\000\040\000A\000i\000m\000s\000\040\000a\000n\000d\000\040\000O\000b\000j\000e\000c\000t\000i\000v\000e\000s}{chapter.6}% 55
\BOOKMARK [1][-]{section.6.2}{\376\377\000C\000r\000i\000t\000i\000q\000u\000e\000\040\000a\000n\000d\000\040\000L\000i\000m\000i\000t\000a\000t\000i\000o\000n\000s}{chapter.6}% 56
\BOOKMARK [1][-]{section.6.3}{\376\377\000F\000u\000t\000u\000r\000e\000\040\000W\000o\000r\000k}{chapter.6}% 57
\BOOKMARK [1][-]{section.6.4}{\376\377\000F\000i\000n\000a\000l\000\040\000R\000e\000m\000a\000r\000k\000s}{chapter.6}% 58
\BOOKMARK [0][-]{chapter*.44}{\376\377\000R\000e\000f\000e\000r\000e\000n\000c\000e\000s}{}% 59
\BOOKMARK [0][-]{appendix.A}{\376\377\000O\000p\000c\000o\000d\000e\000\040\000T\000a\000b\000l\000e}{}% 60
\BOOKMARK [0][-]{appendix.B}{\376\377\000F\000a\000c\000t\000s\000\040\000T\000a\000b\000l\000e}{}% 61
